%!Adobe-FontList 1.19
%Locale:0x409

%BeginFont
Handler:DirectoryHandler
FontType:Type1
FontName:AlmoniDLAAA-Bold
FamilyName:Almoni DL AAA
StyleName:Bold
MenuName:Almoni DL AAA
StyleBits:2
WeightClass:700
WidthClass:5
AngleClass:0
FullName:Almoni DL AAA Bold
FamilyNameNative:
StyleNameNative:Bold
FullNameNative:
WritingScript:Hebrew
OutlineFileName:\AlmoniDLAAA-Bold.otf
DataFormat:sfntData
UsesStandardEncoding:yes
isCFF:yes
hasSVG:no
VariableFontType:NonVariableFont
FileLength:53288
FileModTime:1559641303
NameArray:0,Mac,4,Almoni DL AAA Bold
NameArray:0,Win,1,Almoni DL AAA
%EndFont

%BeginFont
Handler:DirectoryHandler
FontType:Type1
FontName:AlmoniDLAAA-Light
FamilyName:Almoni DL AAA
StyleName:Light
MenuName:Almoni DL AAA
StyleBits:0
WeightClass:300
WidthClass:5
AngleClass:0
FullName:Almoni DL AAA Light
FamilyNameNative:
StyleNameNative:Light
FullNameNative:
WritingScript:Hebrew
OutlineFileName:\AlmoniDLAAA-Light.otf
DataFormat:sfntData
UsesStandardEncoding:yes
isCFF:yes
hasSVG:no
VariableFontType:NonVariableFont
FileLength:50404
FileModTime:1559641303
NameArray:0,Mac,4,Almoni DL AAA Light
NameArray:0,Win,1,Almoni DL AAA
%EndFont

%BeginFont
Handler:DirectoryHandler
FontType:TrueType
FontName:HelveticaNeue-Medium
FamilyName:Helvetica Neue
StyleName:Medium
MenuName:Helvetica Neue
StyleBits:0
WeightClass:500
WidthClass:5
AngleClass:0
FullName:Helvetica Neue Medium
WritingScript:Roman
OutlineFileName:\HelveticaNeue-Medium.dfont
DataFormat:sfntResource
ResourceID:14242
hasSVG:no
VariableFontType:NonVariableFont
FileLength:122674
FileModTime:1559641278
NameArray:0,Mac,4,Helvetica Neue Medium
%EndFont

%BeginFont
Handler:DirectoryHandler
FontType:Suitcase
FontName:HelveticaNeue-Medium
OutlineFileName:\HelveticaNeue-Medium.dfont
ResourceID:128
MacStyle:0
FileLength:122674
FileModTime:1559641278
%EndFont

